1729867566 a0#ff01
1729867566 202#900000
1729867566 224#ff7fff7fff7fff7f
1729867566 181#d80004000001
1729867566 181#8f2000040002
1729867566 182#8f2000040002
1729867566 25#40
1729867566 227#87747574757575
1729867566 207#709f6e9f6c9f1b
1729867566 305#79f2181f729f679d
1729867566 325#630c0500000000
1729867566 181#a8000003
1729867566 182#a8000003
1729867566 345#747700
1729867566 128#c0
1729867566 308#1fe506000000
1729867567 328#97b6000030
1729867567 368#eca08ba184a1
1729867567 388#fbe30100
1729867567 3a8#946dc16cbd65de69
1729867567 181#492c2a04
1729867567 8#3000000
1729867567 182#49342a04
1729867567 4#e000
1729867567 201#900000
1729867567 202#900000
1729867567 224#ff7fff7fff7fff7f
1729867567 181#4ada2a05
1729867567 182#4ae72c05
1729867567 25#40
1729867567 182#27000006
1729867567 181#26000006
1729867567 181#27020007
1729867567 182#26000007
1729867567 8#3000000
1729867567 4#e000
1729867567 201#900000
1729867567 202#900000
1729867567 224#ff7fff7fff7fff7f
1729867567 25#40
1729867567 4#e000
1729867567 201#900000
1729867567 202#900000
1729867567 224#ff7fff7fff7fff7f
1729867567 8#3000000
1729867567 25#40
1729867567 4#e000
1729867567 201#900000
1729867567 202#900000
1729867567 224#ff7fff7fff7fff7f
1729867567 430#7d0730110000
1729867567 8#3000000
1729867567 25#40
1729867567 4#e000
1729867567 201#900000
1729867567 202#900000
1729867567 224#ff7fff7fff7fff7f
1729867567 8#3000000
1729867567 25#40
1729867568 227#8a757575747474
1729867568 207#639f679f6b9f1e
1729867568 305#79f2e827739f689d
1729867568 325#680c0800000000
1729867568 109#3c00
1729867568 181#40004281020b
1729867568 182#40004280020b
1729867568 4#e000
1729867568 201#900000
1729867568 202#900000
1729867568 224#ff7fff7fff7fff7f
1729867568 25#40
1729867568 8#3000000
1729867568 4#e000
1729867568 201#900000
1729867568 202#900000
1729867568 224#ff7fff7fff7fff7f
1729867568 25#40
1729867568 8#3000000
1729867568 4#e000
1729867568 46#80
1729867568 204#20
1729867568 201#900000
1729867568 202#900000
1729867568 224#ff7fff7fff7fff7f
1729867568 25#40
1729867568 8#3000000
1729867568 25#40
1729867568 8#3000000
1729867568 182#d80004000001
1729867568 181#d80004000001
1729867568 181#8f2000040002
1729867568 182#8f2000040002
1729867568 25#40
1729867568 227#8d747474747474
1729867568 207#639f699f6f9f21
1729867568 305#79f25830739f689d
1729867568 325#6d0c0b00000000
1729867569 181#a8000003
1729867569 182#a8000003
1729867569 345#747700
1729867569 128#c0
1729867569 308#1fe506000000
1729867569 247#0
1729867569 7#0
1729867569 307#0
1729867569 328#c5b6000030
1729867569 441#100000001
1729867569 181#492a2a04
1729867569 182#49342a04
1729867569 181#4ad32a05
1729867569 368#fca097a192a1
1729867569 388#25e40100
1729867569 3a8#606d576c64679967
1729867569 182#4ae72c05
1729867569 8#3000000
1729867569 25#40
1729867569 182#27000006
1729867569 181#26000006
1729867569 181#27000007
1729867569 182#26000007
1729867569 8#3000000
1729867569 25#40
1729867569 25#40
1729867569 8#3000000
1729867569 109#3c00
1729867569 25#40
1729867569 8#3000000
1729867569 25#40
1729867570 227#90747474747473
1729867570 207#f39ee99ee89e24
1729867570 305#79f26638739f689d
1729867570 325#680c0b00000000
1729867570 8#3000000
1729867570 4#e000
1729867570 201#900000
1729867570 202#900000
1729867570 224#ff7fff7fff7fff7f
1729867570 181#40004281020b
1729867570 182#40004280020b
1729867570 25#40
1729867570 202#900000
1729867570 8#3000000
1729867570 4#e000
1729867570 201#900000
1729867570 224#ff7fff7fff7fff7f
1729867570 25#40
1729867570 4#e000
1729867570 201#900000
1729867570 202#900000
1729867570 224#ff7fff7fff7fff7f
1729867570 8#3000000
1729867570 204#20
1729867570 46#80
1729867570 25#40
1729867570 4#e000
1729867570 201#900000
1729867570 202#900000
1729867570 224#ff7fff7fff7fff7f
1729867570 8#3000000
1729867570 25#40
1729867570 4#e000
1729867570 201#900000
1729867570 202#900000
1729867570 224#ff7fff7fff7fff7f
1729867570 182#d80004000001
1729867570 8#3000000
1729867571 181#d80004000001
1729867571 181#8f2000040002
1729867571 182#8f2000040002
1729867571 25#40
1729867571 227#937474736f7575
1729867571 207#e79ece9ec29e27
1729867571 305#79f21440729f689d
1729867571 325#680c0d00000000
1729867571 181#a8000003
1729867571 182#a8000003
1729867571 345#747700
1729867571 128#c0
1729867571 308#1fe506000000
1729867571 328#9fb6000030
1729867571 224#ff7fff7fff7fff7f
1729867571 202#900000
1729867571 201#900000
1729867571 4#e000
1729867571 181#49292a04
1729867571 182#49342a04
1729867571 181#4ad92a05
1729867571 182#4ae42c05
1729867571 25#40
1729867571 182#27feff06
1729867571 368#f7a094a18fa1
1729867571 388#19e40100
1729867571 3a8#946d2b6df2652766
1729867571 181#26000006
1729867571 181#27010007
1729867571 8#3000000
1729867571 182#26000007
1729867571 4#e000
1729867571 201#900000
1729867571 202#900000
1729867571 224#ff7fff7fff7fff7f
1729867571 109#3c00
1729867572 8#3000000
1729867572 25#40
1729867572 4#e000
1729867572 201#900000
1729867572 202#900000
1729867572 224#ff7fff7fff7fff7f
1729867572 8#3000000
1729867572 25#40
1729867572 4#e000
1729867572 201#900000
1729867572 202#900000
1729867572 224#ff7fff7fff7fff7f
1729867572 430#7e073b1f0000
1729867572 8#3000000
1729867572 25#40
1729867572 224#ff7fff7fff7fff7f
1729867572 202#900000
1729867572 201#900000
1729867572 4#e000
1729867572 25#40
1729867572 8#3000000
1729867572 207#ee9eef9eef9e2a
1729867572 227#966f7575757575
1729867572 305#79f26147729f699d
1729867572 325#680c0e00000000
1729867572 4#e000
1729867572 201#900000
1729867572 202#900000
1729867572 224#ff7fff7fff7fff7f
1729867572 181#40004281020b
1729867572 182#40004280020b
1729867572 25#40
1729867572 8#3000000
1729867572 4#e000
1729867572 201#900000
1729867572 202#900000
1729867572 224#ff7fff7fff7fff7f
1729867573 25#40
1729867573 8#3000000
1729867573 4#e000
1729867573 201#900000
1729867573 202#900000
1729867573 224#ff7fff7fff7fff7f
1729867573 204#20
1729867573 46#80
1729867573 25#40
1729867573 8#3000000
1729867573 202#900000
1729867573 4#e000
1729867573 201#900000
1729867573 224#ff7fff7fff7fff7f
1729867573 25#40
1729867573 4#e000
1729867573 201#900000
1729867573 202#900000
1729867573 224#ff7fff7fff7fff7f
1729867573 8#3000000
1729867573 182#d80004000001
1729867573 181#d80004000001
1729867573 181#8f2000040002
1729867573 182#8f2000040002
1729867573 25#40
1729867573 227#99757575757575
1729867573 207#ec9eed9eee9e2d
1729867573 305#79f26e4e729f699d
1729867573 325#680c1000000000
1729867573 181#a8000003
1729867573 182#a8000003
1729867573 345#747700
1729867573 128#c0
1729867573 308#1fe506000000
1729867573 328#97b6000030
1729867573 4#e000
1729867573 201#900000
1729867573 202#900000
1729867573 224#ff7fff7fff7fff7f
1729867573 181#492a2a04
1729867574 182#49362a04
1729867574 181#4ad52a05
1729867574 182#4ae12c05
1729867574 368#fca09ba196a1
1729867574 388#2de40100
1729867574 3a8#f66c576c4c642f67
1729867574 8#3000000
1729867574 25#40
1729867574 182#27000006
1729867574 181#26000006
1729867574 181#27000007
1729867574 182#26000007
1729867574 4#e000
1729867574 201#900000
1729867574 202#900000
1729867574 224#ff7fff7fff7fff7f
1729867574 109#3c00
1729867574 25#40
1729867574 8#3000000
1729867574 202#900000
1729867574 4#e000
1729867574 a0#66ff
