1730104170 a0#ff01
1730104170 202#900000
1730104170 224#ff7fff7fff7fff7f
1730104170 181#d80004000001
1730104170 181#8f2000040002
1730104170 182#8f2000040002
1730104170 25#40
1730104170 227#87747574757575
1730104170 207#709f6e9f6c9f1b
1730104170 305#79f2181f729f679d
1730104170 325#630c0500000000
1730104170 181#a8000003
1730104171 182#a8000003
1730104171 345#747700
1730104171 128#c0
1730104171 308#1fe506000000
1730104171 328#97b6000030
1730104171 368#eca08ba184a1
1730104171 388#fbe30100
1730104171 3a8#946dc16cbd65de69
1730104171 181#492c2a04
1730104171 8#3000000
1730104171 182#49342a04
1730104171 4#e000
1730104171 201#900000
1730104171 202#900000
1730104171 224#ff7fff7fff7fff7f
1730104171 181#4ada2a05
1730104171 182#4ae72c05
1730104171 25#40
1730104171 182#27000006
1730104171 181#26000006
1730104171 181#27020007
1730104171 182#26000007
1730104171 8#3000000
1730104171 4#e000
1730104171 201#900000
1730104171 202#900000
1730104171 224#ff7fff7fff7fff7f
1730104171 25#40
1730104171 4#e000
1730104171 201#900000
1730104171 202#900000
1730104171 224#ff7fff7fff7fff7f
1730104171 8#3000000
1730104171 25#40
1730104171 4#e000
1730104171 201#900000
1730104171 202#900000
1730104171 224#ff7fff7fff7fff7f
1730104171 430#7d0730110000
1730104171 8#3000000
1730104171 25#40
1730104171 4#e000
1730104172 201#900000
1730104172 202#900000
1730104172 224#ff7fff7fff7fff7f
1730104172 8#3000000
1730104172 25#40
1730104172 227#8a757575747474
1730104172 207#639f679f6b9f1e
1730104172 305#79f2e827739f689d
1730104172 325#680c0800000000
1730104172 109#3c00
1730104172 181#40004281020b
1730104172 182#40004280020b
1730104172 4#e000
1730104172 201#900000
1730104172 202#900000
1730104172 224#ff7fff7fff7fff7f
1730104172 25#40
1730104172 8#3000000
1730104172 4#e000
1730104172 201#900000
1730104172 202#900000
1730104172 224#ff7fff7fff7fff7f
1730104172 25#40
1730104172 8#3000000
1730104172 4#e000
1730104172 46#80
1730104172 204#20
1730104172 201#900000
1730104172 202#900000
1730104172 224#ff7fff7fff7fff7f
1730104172 25#40
1730104172 8#3000000
1730104172 25#40
1730104172 8#3000000
1730104172 182#d80004000001
1730104172 181#d80004000001
1730104172 181#8f2000040002
1730104172 182#8f2000040002
1730104172 25#40
1730104172 227#8d747474747474
1730104172 207#639f699f6f9f21
1730104172 305#79f25830739f689d
1730104172 325#6d0c0b00000000
1730104173 181#a8000003
1730104173 182#a8000003
1730104173 345#747700
1730104173 128#c0
1730104173 308#1fe506000000
1730104173 247#0
1730104173 7#0
1730104173 307#0
1730104173 328#c5b6000030
1730104173 441#100000001
1730104173 181#492a2a04
1730104173 182#49342a04
1730104173 181#4ad32a05
1730104173 368#fca097a192a1
1730104173 388#25e40100
1730104173 3a8#606d576c64679967
1730104173 182#4ae72c05
1730104173 8#3000000
1730104173 25#40
1730104173 182#27000006
1730104173 181#26000006
1730104173 181#27000007
1730104173 182#26000007
1730104173 8#3000000
1730104173 25#40
1730104173 25#40
1730104173 8#3000000
1730104173 109#3c00
1730104173 25#40
1730104173 8#3000000
1730104173 25#40
1730104173 227#90747474747473
1730104173 207#f39ee99ee89e24
1730104173 305#79f26638739f689d
1730104173 325#680c0b00000000
1730104173 8#3000000
1730104173 4#e000
1730104173 201#900000
1730104173 202#900000
1730104173 224#ff7fff7fff7fff7f
1730104173 181#40004281020b
1730104174 182#40004280020b
1730104174 25#40
1730104174 202#900000
1730104174 8#3000000
1730104174 4#e000
1730104174 201#900000
1730104174 224#ff7fff7fff7fff7f
1730104174 25#40
1730104174 4#e000
1730104174 201#900000
1730104174 202#900000
1730104174 224#ff7fff7fff7fff7f
1730104174 8#3000000
1730104174 204#20
1730104174 46#80
1730104174 25#40
1730104174 4#e000
1730104174 201#900000
1730104174 202#900000
1730104174 224#ff7fff7fff7fff7f
1730104174 8#3000000
1730104174 25#40
1730104174 4#e000
1730104174 201#900000
1730104174 202#900000
1730104174 224#ff7fff7fff7fff7f
1730104174 182#d80004000001
1730104174 8#3000000
1730104174 181#d80004000001
1730104174 181#8f2000040002
1730104174 182#8f2000040002
1730104174 25#40
1730104174 227#937474736f7575
1730104174 207#e79ece9ec29e27
1730104174 305#79f21440729f689d
1730104174 325#680c0d00000000
1730104174 181#a8000003
1730104174 182#a8000003
1730104174 345#747700
1730104174 128#c0
1730104174 308#1fe506000000
1730104175 328#9fb6000030
1730104175 224#ff7fff7fff7fff7f
1730104175 202#900000
1730104175 201#900000
1730104175 4#e000
1730104175 181#49292a04
1730104175 182#49342a04
1730104175 181#4ad92a05
1730104175 182#4ae42c05
1730104175 25#40
1730104175 182#27feff06
1730104175 368#f7a094a18fa1
1730104175 388#19e40100
1730104175 3a8#946d2b6df2652766
1730104175 181#26000006
1730104175 181#27010007
1730104175 8#3000000
1730104175 182#26000007
1730104175 4#e000
1730104175 201#900000
1730104175 202#900000
1730104175 224#ff7fff7fff7fff7f
1730104175 109#3c00
1730104175 8#3000000
1730104175 25#40
1730104175 4#e000
1730104175 201#900000
1730104175 202#900000
1730104175 224#ff7fff7fff7fff7f
1730104175 8#3000000
1730104175 25#40
1730104175 4#e000
1730104175 201#900000
1730104175 202#900000
1730104175 224#ff7fff7fff7fff7f
1730104175 430#7e073b1f0000
1730104175 8#3000000
1730104175 25#40
1730104175 224#ff7fff7fff7fff7f
1730104175 202#900000
1730104176 201#900000
1730104176 4#e000
1730104176 25#40
1730104176 8#3000000
1730104176 207#ee9eef9eef9e2a
1730104176 227#966f7575757575
1730104176 305#79f26147729f699d
1730104176 325#680c0e00000000
1730104176 4#e000
1730104176 201#900000
1730104176 202#900000
1730104176 224#ff7fff7fff7fff7f
1730104176 181#40004281020b
1730104176 182#40004280020b
1730104176 25#40
1730104176 8#3000000
1730104176 4#e000
1730104176 201#900000
1730104176 202#900000
1730104176 224#ff7fff7fff7fff7f
1730104176 25#40
1730104176 8#3000000
1730104176 4#e000
1730104176 201#900000
1730104176 202#900000
1730104176 224#ff7fff7fff7fff7f
1730104176 204#20
1730104176 46#80
1730104176 25#40
1730104176 8#3000000
1730104176 202#900000
1730104176 4#e000
1730104176 201#900000
1730104176 224#ff7fff7fff7fff7f
1730104176 25#40
1730104176 4#e000
1730104176 201#900000
1730104176 202#900000
1730104176 224#ff7fff7fff7fff7f
1730104176 8#3000000
1730104177 182#d80004000001
1730104177 181#d80004000001
1730104177 181#8f2000040002
1730104177 182#8f2000040002
1730104177 25#40
1730104177 227#99757575757575
1730104177 207#ec9eed9eee9e2d
1730104177 305#79f26e4e729f699d
1730104177 325#680c1000000000
1730104177 181#a8000003
1730104177 182#a8000003
1730104177 345#747700
1730104177 128#c0
1730104177 308#1fe506000000
1730104177 328#97b6000030
1730104177 4#e000
1730104177 201#900000
1730104177 202#900000
1730104177 224#ff7fff7fff7fff7f
1730104177 181#492a2a04
1730104177 182#49362a04
1730104177 181#4ad52a05
1730104177 182#4ae12c05
1730104177 368#fca09ba196a1
1730104177 388#2de40100
1730104177 3a8#f66c576c4c642f67
1730104177 8#3000000
1730104177 25#40
1730104177 182#27000006
1730104177 181#26000006
1730104177 181#27000007
1730104177 182#26000007
1730104177 4#e000
1730104177 201#900000
1730104177 202#900000
1730104177 224#ff7fff7fff7fff7f
1730104177 109#3c00
1730104177 25#40
1730104177 8#3000000
1730104177 202#900000
1730104177 4#e000
1730104177 a0#66ff
