1730104180 a0#6601
1730104180 4#e000
1730104180 201#900000
1730104180 202#900000
1730104180 224#ff7fff7fff7fff7f
1730104180 430#7f07ec2a0000
1730104180 8#3000000
1730104180 25#40
1730104180 4#e000
1730104180 201#900000
1730104180 202#900000
1730104180 224#ff7fff7fff7fff7f
1730104180 8#3000000
1730104180 25#40
1730104180 227#a2747475757574
1730104180 207#649f5c9f649f36
1730104180 305#79f29161739f6a9d
1730104180 325#630c1200000000
1730104180 4#e000
1730104181 201#900000
1730104181 202#900000
1730104181 224#ff7fff7fff7fff7f
1730104181 181#40004281020b
1730104181 182#40004280020b
1730104181 8#3000000
1730104181 25#40
1730104181 8#3000000
1730104181 25#40
1730104181 8#3000000
1730104181 25#40
1730104181 8#3000000
1730104181 25#40
1730104181 182#d80004000001
1730104181 181#d80004000001
