1729867556 a0#ff01
1729867556 227#99757575757575
1729867556 207#ec9eed9eee9e2d
1729867556 305#79f26e4e729f699d
1729867556 325#680c1000000000
1729867556 181#a8000003
1729867556 182#a8000003
1729867556 345#747700
1729867556 128#c0
1729867556 308#1fe506000000
1729867556 328#97b6000030
1729867556 4#e000
1729867556 201#900000
1729867556 202#900000
1729867556 224#ff7fff7fff7fff7f
1729867556 181#492a2a04
1729867556 182#49362a04
1729867556 181#4ad52a05
1729867556 182#4ae12c05
1729867556 368#fca09ba196a1
1729867556 388#2de40100
1729867556 3a8#f66c576c4c642f67
1729867556 8#3000000
1729867556 25#40
1729867557 182#27000006
1729867557 181#26000006
1729867557 181#27000007
1729867557 182#26000007
1729867557 4#e000
1729867557 201#900000
1729867557 202#900000
1729867557 224#ff7fff7fff7fff7f
1729867557 109#3c00
1729867557 25#40
1729867557 8#3000000
1729867557 202#900000
1729867557 4#e000
1729867557 201#900000
1729867557 224#ff7fff7fff7fff7f
1729867557 25#40
1729867557 8#3000000
1729867557 4#e000
1729867557 201#900000
1729867557 202#900000
1729867557 224#ff7fff7fff7fff7f
1729867557 25#40
1729867557 8#3000000
1729867557 4#e000
1729867557 201#900000
1729867557 202#900000
1729867557 224#ff7fff7fff7fff7f
1729867557 25#40
1729867557 227#9c757575747575
1729867557 207#ee9eed9eee9e30
1729867557 305#79f21a55729f689d
1729867557 325#680c1100000000
1729867557 8#3000000
1729867557 4#e000
1729867558 201#900000
1729867558 202#900000
1729867558 224#ff7fff7fff7fff7f
1729867558 181#40004281020b
1729867558 182#40004280020b
1729867558 25#40
1729867558 4#e000
1729867558 201#900000
1729867558 202#900000
1729867558 224#ff7fff7fff7fff7f
1729867558 8#3000000
1729867558 25#40
1729867558 4#e000
1729867558 201#900000
1729867558 202#900000
1729867558 224#ff7fff7fff7fff7f
1729867558 8#3000000
1729867558 204#20
1729867558 46#80
1729867558 25#40
1729867558 32a#ff7f
1729867558 30a#ff7f
1729867558 4#e000
1729867558 201#900000
1729867558 202#900000
1729867558 224#ff7fff7fff7fff7f
1729867558 8#3000000
1729867558 25#40
1729867558 4#e000
1729867558 201#900000
1729867558 202#900000
1729867559 224#ff7fff7fff7fff7f
1729867559 182#d80004000001
1729867559 181#d80004000001
1729867559 181#8f2000040002
1729867559 182#8f2000040002
1729867559 25#40
1729867559 227#9f747575747475
1729867559 207#ed9eec9ee59e33
1729867559 305#79f2865b739f6a9d
1729867559 325#680c1300000000
1729867559 368#fda09ca195a1
1729867559 388#2ee40100
1729867559 181#a8000003
1729867559 108#1000100010001
1729867559 3a8#2b6d8c6cbd65ce67
1729867559 182#a8000003
1729867559 8#3000000
1729867559 345#747700
1729867559 128#c0
1729867559 308#1fe506000000
1729867559 328#a2b6000030
1729867559 4#e000
1729867559 201#900000
1729867559 202#900000
1729867559 224#ff7fff7fff7fff7f
1729867559 181#492a2a04
1729867559 182#49362a04
1729867559 181#4ad62a05
1729867559 182#4ae82c05
1729867559 25#40
1729867559 182#27ffff06
1729867559 181#26000006
1729867559 181#27000007
1729867559 182#26000007
1729867559 8#3000000
1729867559 4#e000
1729867559 201#900000
1729867559 202#900000
1729867560 224#ff7fff7fff7fff7f
1729867560 109#3c00
1729867560 25#40
1729867560 224#ff7fff7fff7fff7f
1729867560 202#900000
1729867560 201#900000
1729867560 4#e000
1729867560 8#3000000
1729867560 25#40
1729867560 4#e000
1729867560 201#900000
1729867560 202#900000
1729867560 224#ff7fff7fff7fff7f
1729867560 430#7f07ec2a0000
1729867560 8#3000000
1729867560 25#40
1729867560 4#e000
1729867560 201#900000
1729867560 202#900000
1729867560 224#ff7fff7fff7fff7f
1729867560 8#3000000
1729867560 25#40
1729867560 227#a2747475757574
1729867560 207#649f5c9f649f36
1729867560 305#79f29161739f6a9d
1729867560 325#630c1200000000
1729867560 4#e000
1729867560 201#900000
1729867560 202#900000
1729867560 224#ff7fff7fff7fff7f
1729867560 181#40004281020b
1729867560 182#40004280020b
1729867560 8#3000000
1729867560 25#40
1729867560 8#3000000
1729867560 25#40
1729867560 8#3000000
1729867560 25#40
1729867560 309#40
1729867560 25#0
1729867560 309#40
1729867560 8#3000000
1729867560 25#0
1729867560 227#78767676767676
1729867561 207#709f669f659f0c
1729867561 305#79f2a100749f699d
1729867561 325#350c0000000000
1729867561 309#40
1729867561 181#40004281020b
1729867561 182#40004280020b
1729867561 8#3000000
1729867561 25#0
1729867561 309#40
1729867561 25#0
1729867561 8#3000000
1729867561 4#e000
1729867561 46#0
1729867561 204#0
1729867561 201#900000
1729867561 202#900000
1729867561 224#ff7fff7fff7fff7f
1729867561 25#0
1729867561 8#3000000
1729867561 4#e000
1729867561 201#900000
1729867561 202#900000
1729867561 224#ff7fff7fff7fff7f
1729867561 25#0
1729867561 8#3000000
1729867561 121#1a00
1729867561 421#1000000e5
1729867561 4#e000
1729867561 201#900000
1729867561 202#900000
1729867561 224#ff7fff7fff7fff7f
1729867561 182#d80004000001
1729867561 181#d80004000001
1729867561 181#8f2000040002
1729867561 25#0
1729867561 182#8f2000040002
1729867561 227#7b767676647676
1729867561 207#649f649f659f0f
1729867561 305#79f28000739f6a9d
1729867561 325#300c0000000000
1729867561 181#a8000003
1729867561 182#a8000003
1729867561 345#747700
1729867561 128#c0
1729867562 308#fff906000000
1729867562 328#97b6000030
1729867562 181#492b2a04
1729867562 182#49352a04
1729867562 4#e000
1729867562 201#900000
1729867562 202#900000
1729867562 224#ff7fff7fff7fff7f
1729867562 368#ffa09ba197a1
1729867562 388#30e40100
1729867562 3a8#c96d2b6dbd650268
1729867562 8#3000000
1729867562 181#4ad72a05
1729867562 182#4ae02c05
1729867562 25#0
1729867562 182#27000006
1729867562 181#26000006
1729867562 181#27000007
1729867562 182#26000007
1729867562 4#e000
1729867562 201#900000
1729867562 202#900000
1729867562 224#ff7fff7fff7fff7f
1729867562 8#3000000
1729867562 25#0
1729867562 4#e000
1729867562 201#900000
1729867562 202#900000
1729867562 224#ff7fff7fff7fff7f
1729867562 109#3c00
1729867562 25#0
1729867562 8#3000000
1729867562 224#ff7fff7fff7fff7f
1729867562 201#900000
1729867562 202#900000
1729867562 4#e000
1729867562 430#7c076d070000
1729867562 25#0
1729867562 8#3000000
1729867563 32a#ff7f
1729867563 30a#ff7f
1729867563 4#e000
1729867563 201#900000
1729867563 202#900000
1729867563 224#ff7fff7fff7fff7f
1729867563 25#0
1729867563 227#7e647676767575
1729867563 207#649f659f689f12
1729867563 305#79f26000759f6a9d
1729867563 325#300c0000000000
1729867563 8#3000000
1729867563 181#40004281020b
1729867563 182#40004280020b
1729867563 4#e000
1729867563 201#900000
1729867563 202#900000
1729867563 224#ff7fff7fff7fff7f
1729867563 25#0
1729867563 8#3000000
1729867563 4#e000
1729867563 201#900000
1729867563 202#900000
1729867563 224#ff7fff7fff7fff7f
1729867563 25#0
1729867563 8#3000000
1729867563 4#e000
1729867563 46#80
1729867563 204#20
1729867563 201#900000
1729867563 202#900000
1729867563 224#ff7fff7fff7fff7f
1729867563 25#40
1729867563 25#40
1729867563 25#40
1729867563 8#3000000
1729867563 4#e000
1729867563 201#900000
1729867563 202#900000
1729867563 224#ff7fff7fff7fff7f
1729867563 25#40
1729867564 5#40000
1729867564 8#3000000
1729867564 4#e000
1729867564 201#900000
1729867564 202#900000
1729867564 a0#66ff
