1729867577 a0#6601
1729867577 4#e000
1729867577 201#900000
1729867577 202#900000
1729867577 224#ff7fff7fff7fff7f
1729867577 430#7f07ec2a0000
1729867577 8#3000000
1729867577 25#40
1729867577 4#e000
1729867577 201#900000
1729867577 202#900000
1729867577 224#ff7fff7fff7fff7f
1729867577 8#3000000
1729867577 25#40
1729867577 227#a2747475757574
1729867577 207#649f5c9f649f36
1729867577 305#79f29161739f6a9d
1729867577 325#630c1200000000
1729867577 4#e000
1729867577 201#900000
1729867577 202#900000
1729867577 224#ff7fff7fff7fff7f
1729867577 181#40004281020b
1729867577 182#40004280020b
1729867577 8#3000000
1729867577 25#40
1729867577 8#3000000
1729867577 25#40
1729867577 8#3000000
1729867577 25#40
1729867577 8#3000000
1729867577 25#40
1729867577 182#d80004000001
1729867577 181#d80004000001
