1730104149 a0#6601
1730104149 128#c0
1730104149 308#fff906000000
1730104149 328#97b6000030
1730104149 181#492b2a04
1730104149 182#49352a04
1730104149 4#e000
1730104149 201#900000
1730104149 202#900000
1730104149 224#ff7fff7fff7fff7f
1730104149 368#ffa09ba197a1
1730104149 388#30e40100
1730104149 3a8#c96d2b6dbd650268
1730104149 8#3000000
1730104149 181#4ad72a05
1730104149 182#4ae02c05
1730104149 25#0
1730104149 182#27000006
1730104149 181#26000006
1730104149 181#27000007
1730104149 182#26000007
1730104149 4#e000
1730104149 201#900000
1730104149 202#900000
1730104149 224#ff7fff7fff7fff7f
1730104150 8#3000000
1730104150 25#0
1730104150 4#e000
1730104150 201#900000
1730104150 202#900000
1730104150 224#ff7fff7fff7fff7f
1730104150 109#3c00
1730104150 25#0
1730104150 8#3000000
1730104150 224#ff7fff7fff7fff7f
1730104150 201#900000
1730104150 202#900000
1730104150 4#e000
1730104150 430#7c076d070000
1730104150 25#0
1730104150 8#3000000
1730104150 32a#ff7f
1730104150 30a#ff7f
1730104150 4#e000
1730104150 201#900000
1730104150 202#900000
1730104150 224#ff7fff7fff7fff7f
1730104150 25#0
1730104150 227#7e647676767575
1730104150 207#649f659f689f12
1730104150 305#79f26000759f6a9d
1730104150 325#300c0000000000
1730104150 8#3000000
1730104150 181#40004281020b
1730104150 182#40004280020b
1730104150 4#e000
1730104150 201#900000
1730104150 202#900000
1730104150 224#ff7fff7fff7fff7f
1730104150 25#0
1730104150 8#3000000
1730104150 4#e000
1730104150 201#900000
1730104150 202#900000
1730104150 224#ff7fff7fff7fff7f
1730104151 25#0
1730104151 8#3000000
1730104151 4#e000
1730104151 46#80
1730104151 204#20
1730104151 201#900000
1730104151 202#900000
1730104151 224#ff7fff7fff7fff7f
1730104151 25#40
1730104151 25#40
1730104151 25#40
1730104151 8#3000000
1730104151 4#e000
1730104151 201#900000
1730104151 202#900000
1730104151 224#ff7fff7fff7fff7f
1730104151 25#40
1730104151 5#40000
1730104151 8#3000000
1730104151 4#e000
1730104151 201#900000
1730104151 202#900000
1730104151 224#ff7fff7fff7fff7f
1730104151 182#d80004000001
1730104151 181#d80004000001
1730104151 181#8f2000040002
1730104151 182#8f2000040002
1730104151 25#40
1730104151 5#40000
1730104151 227#81767575757575
1730104151 207#649f699f6b9f15
1730104151 305#79f26000739f6a9d
1730104151 325#350c0000000000
1730104151 181#a8000003
1730104151 182#a8000003
1730104151 345#747700
1730104151 128#c0
1730104151 308#fffd06000000
1730104152 328#adb6000030
1730104152 181#492b2a04
1730104152 182#49342a04
1730104152 4#e000
1730104152 201#900000
1730104152 202#900000
1730104152 224#ff7fff7fff7fff7f
1730104152 181#4ad72a05
1730104152 182#4add2c05
1730104152 25#40
1730104152 5#40000
1730104152 368#e2a080a17ea1
1730104152 388#e0e30100
1730104152 3a8#fe6df66c81643768
1730104152 3c8#cc8cff7f
1730104152 461#100000001
1730104152 182#27000006
1730104152 348#da4f
1730104152 108#1000100010001
1730104152 181#26000006
1730104152 181#27000007
1730104152 182#26000007
1730104152 8#3000000
1730104152 25#40
1730104152 4#e000
1730104152 201#900000
1730104152 202#900000
1730104152 224#ff7fff7fff7fff7f
1730104152 25#40
1730104152 8#3000000
1730104152 109#3c00
1730104152 4#e000
1730104152 201#900000
1730104152 202#900000
1730104152 224#ff7fff7fff7fff7f
1730104152 25#40
1730104152 8#3000000
1730104152 4#e000
1730104152 201#900000
1730104153 202#900000
1730104153 224#ff7fff7fff7fff7f
1730104153 25#40
1730104153 8#3000000
1730104153 4#e000
1730104153 201#900000
1730104153 202#900000
1730104153 224#ff7fff7fff7fff7f
1730104153 25#40
1730104153 227#84757575747574
1730104153 207#669f689f6b9f18
1730104153 305#59f2c715739f6a9d
1730104153 325#720c0500000000
1730104153 181#40004281020b
1730104153 182#40004280020b
1730104153 8#3000000
1730104153 4#e000
1730104153 201#900000
1730104153 202#900000
1730104153 224#ff7fff7fff7fff7f
1730104153 25#40
1730104153 4#e000
1730104153 201#900000
1730104153 202#900000
1730104153 224#ff7fff7fff7fff7f
1730104153 8#3000000
1730104153 25#40
1730104153 4#e000
1730104153 46#80
1730104153 204#20
1730104153 201#900000
1730104153 202#900000
1730104153 224#ff7fff7fff7fff7f
1730104153 8#3000000
1730104153 25#40
1730104153 4#e000
1730104153 201#900000
1730104153 202#900000
1730104153 224#ff7fff7fff7fff7f
1730104153 8#3000000
1730104154 25#40
1730104154 182#d80004000001
1730104154 4#e000
1730104154 201#900000
1730104154 202#900000
1730104154 224#ff7fff7fff7fff7f
1730104154 181#d80004000001
1730104154 181#8f2000040002
1730104154 182#8f2000040002
1730104154 25#40
1730104154 227#87747574757575
1730104154 207#709f6e9f6c9f1b
1730104154 305#79f2181f729f679d
1730104154 325#630c0500000000
1730104154 181#a8000003
1730104154 182#a8000003
1730104154 345#747700
1730104154 128#c0
1730104154 308#1fe506000000
1730104154 328#97b6000030
1730104154 368#eca08ba184a1
1730104154 388#fbe30100
1730104154 3a8#946dc16cbd65de69
1730104154 181#492c2a04
1730104154 8#3000000
1730104154 182#49342a04
1730104154 4#e000
1730104154 201#900000
1730104154 202#900000
1730104154 224#ff7fff7fff7fff7f
1730104154 181#4ada2a05
1730104154 182#4ae72c05
1730104154 25#40
1730104154 182#27000006
1730104154 181#26000006
1730104154 181#27020007
1730104154 182#26000007
1730104154 8#3000000
1730104154 4#e000
1730104154 201#900000
1730104154 202#900000
1730104154 224#ff7fff7fff7fff7f
1730104154 25#40
1730104154 4#e000
1730104155 201#900000
1730104155 202#900000
1730104155 224#ff7fff7fff7fff7f
1730104155 8#3000000
1730104155 25#40
1730104155 4#e000
1730104155 201#900000
1730104155 202#900000
1730104155 224#ff7fff7fff7fff7f
1730104155 430#7d0730110000
1730104155 8#3000000
1730104155 25#40
1730104155 4#e000
1730104155 201#900000
1730104155 202#900000
1730104155 224#ff7fff7fff7fff7f
1730104155 8#3000000
1730104155 25#40
1730104155 227#8a757575747474
1730104155 207#639f679f6b9f1e
1730104155 305#79f2e827739f689d
1730104155 325#680c0800000000
1730104155 109#3c00
1730104155 181#40004281020b
1730104155 182#40004280020b
1730104155 4#e000
1730104155 201#900000
1730104155 202#900000
1730104155 224#ff7fff7fff7fff7f
1730104155 25#40
1730104155 8#3000000
1730104155 4#e000
1730104155 201#900000
1730104155 202#900000
1730104155 224#ff7fff7fff7fff7f
1730104155 25#40
1730104155 8#3000000
1730104155 4#e000
1730104155 46#80
1730104155 204#20
1730104156 201#900000
1730104156 202#900000
1730104156 224#ff7fff7fff7fff7f
1730104156 25#40
1730104156 8#3000000
1730104156 25#40
1730104156 8#3000000
1730104156 182#d80004000001
1730104156 181#d80004000001
1730104156 181#8f2000040002
1730104156 182#8f2000040002
1730104156 25#40
1730104156 227#8d747474747474
1730104156 207#639f699f6f9f21
1730104156 305#79f25830739f689d
1730104156 325#6d0c0b00000000
1730104156 181#a8000003
1730104156 182#a8000003
1730104156 345#747700
1730104156 128#c0
1730104156 308#1fe506000000
1730104156 247#0
1730104156 7#0
1730104156 307#0
1730104156 328#c5b6000030
1730104156 441#100000001
1730104156 181#492a2a04
1730104156 182#49342a04
1730104156 181#4ad32a05
1730104156 368#fca097a192a1
1730104156 388#25e40100
1730104156 3a8#606d576c64679967
1730104156 182#4ae72c05
1730104156 8#3000000
1730104156 25#40
1730104156 182#27000006
1730104156 181#26000006
1730104156 181#27000007
1730104156 182#26000007
1730104156 8#3000000
1730104156 25#40
1730104156 25#40
1730104156 8#3000000
1730104156 109#3c00
1730104156 25#40
1730104157 8#3000000
1730104157 25#40
1730104157 227#90747474747473
1730104157 207#f39ee99ee89e24
1730104157 305#79f26638739f689d
1730104157 325#680c0b00000000
1730104157 8#3000000
1730104157 4#e000
1730104157 201#900000
1730104157 202#900000
1730104157 224#ff7fff7fff7fff7f
1730104157 181#40004281020b
1730104157 182#40004280020b
1730104157 25#40
1730104157 202#900000
1730104157 8#3000000
1730104157 4#e000
1730104157 201#900000
1730104157 224#ff7fff7fff7fff7f
1730104157 25#40
1730104157 4#e000
1730104157 201#900000
1730104157 202#900000
1730104157 224#ff7fff7fff7fff7f
1730104157 8#3000000
1730104157 204#20
1730104157 46#80
1730104157 25#40
1730104157 4#e000
1730104157 201#900000
1730104157 202#900000
1730104157 224#ff7fff7fff7fff7f
1730104157 8#3000000
1730104157 25#40
1730104157 4#e000
1730104157 201#900000
1730104157 202#900000
1730104157 224#ff7fff7fff7fff7f
1730104157 182#d80004000001
1730104157 a0#66ff
