1730104160 a0#ff01
1730104160 227#99757575757575
1730104160 207#ec9eed9eee9e2d
1730104160 305#79f26e4e729f699d
1730104160 325#680c1000000000
1730104160 181#a8000003
1730104160 182#a8000003
1730104160 345#747700
1730104160 128#c0
1730104160 308#1fe506000000
1730104160 328#97b6000030
1730104160 4#e000
1730104160 201#900000
1730104160 202#900000
1730104160 224#ff7fff7fff7fff7f
1730104160 181#492a2a04
1730104160 182#49362a04
1730104160 181#4ad52a05
1730104160 182#4ae12c05
1730104160 368#fca09ba196a1
1730104160 388#2de40100
1730104160 3a8#f66c576c4c642f67
1730104160 8#3000000
1730104160 25#40
1730104160 182#27000006
1730104160 181#26000006
1730104160 181#27000007
1730104160 182#26000007
1730104160 4#e000
1730104160 201#900000
1730104161 202#900000
1730104161 224#ff7fff7fff7fff7f
1730104161 109#3c00
1730104161 25#40
1730104161 8#3000000
1730104161 202#900000
1730104161 4#e000
1730104161 201#900000
1730104161 224#ff7fff7fff7fff7f
1730104161 25#40
1730104161 8#3000000
1730104161 4#e000
1730104161 201#900000
1730104161 202#900000
1730104161 224#ff7fff7fff7fff7f
1730104161 25#40
1730104161 8#3000000
1730104161 4#e000
1730104161 201#900000
1730104161 202#900000
1730104161 224#ff7fff7fff7fff7f
1730104161 25#40
1730104161 227#9c757575747575
1730104161 207#ee9eed9eee9e30
1730104161 305#79f21a55729f689d
1730104161 325#680c1100000000
1730104161 8#3000000
1730104161 4#e000
1730104161 201#900000
1730104161 202#900000
1730104161 224#ff7fff7fff7fff7f
1730104161 181#40004281020b
1730104162 182#40004280020b
1730104162 25#40
1730104162 4#e000
1730104162 201#900000
1730104162 202#900000
1730104162 224#ff7fff7fff7fff7f
1730104162 8#3000000
1730104162 25#40
1730104162 4#e000
1730104162 201#900000
1730104162 202#900000
1730104162 224#ff7fff7fff7fff7f
1730104162 8#3000000
1730104162 204#20
1730104162 46#80
1730104162 25#40
1730104162 32a#ff7f
1730104162 30a#ff7f
1730104162 4#e000
1730104162 201#900000
1730104162 202#900000
1730104162 224#ff7fff7fff7fff7f
1730104162 8#3000000
1730104162 25#40
1730104162 4#e000
1730104162 201#900000
1730104162 202#900000
1730104162 224#ff7fff7fff7fff7f
1730104162 182#d80004000001
1730104162 181#d80004000001
1730104162 181#8f2000040002
1730104162 182#8f2000040002
1730104162 25#40
1730104162 227#9f747575747475
1730104162 207#ed9eec9ee59e33
1730104162 305#79f2865b739f6a9d
1730104162 325#680c1300000000
1730104162 368#fda09ca195a1
1730104162 388#2ee40100
1730104162 181#a8000003
1730104162 108#1000100010001
1730104162 3a8#2b6d8c6cbd65ce67
1730104162 182#a8000003
1730104163 8#3000000
1730104163 345#747700
1730104163 128#c0
1730104163 308#1fe506000000
1730104163 328#a2b6000030
1730104163 4#e000
1730104163 201#900000
1730104163 202#900000
1730104163 224#ff7fff7fff7fff7f
1730104163 181#492a2a04
1730104163 182#49362a04
1730104163 181#4ad62a05
1730104163 182#4ae82c05
1730104163 25#40
1730104163 182#27ffff06
1730104163 181#26000006
1730104163 181#27000007
1730104163 182#26000007
1730104163 8#3000000
1730104163 4#e000
1730104163 201#900000
1730104163 202#900000
1730104163 224#ff7fff7fff7fff7f
1730104163 109#3c00
1730104163 25#40
1730104163 224#ff7fff7fff7fff7f
1730104163 202#900000
1730104163 201#900000
1730104163 4#e000
1730104163 8#3000000
1730104163 25#40
1730104163 4#e000
1730104163 201#900000
1730104163 202#900000
1730104164 224#ff7fff7fff7fff7f
1730104164 430#7f07ec2a0000
1730104164 8#3000000
1730104164 25#40
1730104164 4#e000
1730104164 201#900000
1730104164 202#900000
1730104164 224#ff7fff7fff7fff7f
1730104164 8#3000000
1730104164 25#40
1730104164 227#a2747475757574
1730104164 207#649f5c9f649f36
1730104164 305#79f29161739f6a9d
1730104164 325#630c1200000000
1730104164 4#e000
1730104164 201#900000
1730104164 202#900000
1730104164 224#ff7fff7fff7fff7f
1730104164 181#40004281020b
1730104164 182#40004280020b
1730104164 8#3000000
1730104164 25#40
1730104164 8#3000000
1730104164 25#40
1730104164 8#3000000
1730104164 25#40
1730104164 309#40
1730104164 25#0
1730104164 309#40
1730104164 8#3000000
1730104164 25#0
1730104164 227#78767676767676
1730104164 207#709f669f659f0c
1730104164 305#79f2a100749f699d
1730104164 325#350c0000000000
1730104164 309#40
1730104164 181#40004281020b
1730104164 182#40004280020b
1730104164 8#3000000
1730104164 25#0
1730104164 309#40
1730104164 25#0
1730104164 8#3000000
1730104164 4#e000
1730104164 46#0
1730104164 204#0
1730104165 201#900000
1730104165 202#900000
1730104165 224#ff7fff7fff7fff7f
1730104165 25#0
1730104165 8#3000000
1730104165 4#e000
1730104165 201#900000
1730104165 202#900000
1730104165 224#ff7fff7fff7fff7f
1730104165 25#0
1730104165 8#3000000
1730104165 121#1a00
1730104165 421#1000000e5
1730104165 4#e000
1730104165 201#900000
1730104165 202#900000
1730104165 224#ff7fff7fff7fff7f
1730104165 182#d80004000001
1730104165 181#d80004000001
1730104165 181#8f2000040002
1730104165 25#0
1730104165 182#8f2000040002
1730104165 227#7b767676647676
1730104165 207#649f649f659f0f
1730104165 305#79f28000739f6a9d
1730104165 325#300c0000000000
1730104165 181#a8000003
1730104165 182#a8000003
1730104165 345#747700
1730104165 128#c0
1730104165 308#fff906000000
1730104165 328#97b6000030
1730104165 181#492b2a04
1730104165 182#49352a04
1730104165 4#e000
1730104165 201#900000
1730104165 202#900000
1730104165 224#ff7fff7fff7fff7f
1730104165 368#ffa09ba197a1
1730104165 388#30e40100
1730104166 3a8#c96d2b6dbd650268
1730104166 8#3000000
1730104166 181#4ad72a05
1730104166 182#4ae02c05
1730104166 25#0
1730104166 182#27000006
1730104166 181#26000006
1730104166 181#27000007
1730104166 182#26000007
1730104166 4#e000
1730104166 201#900000
1730104166 202#900000
1730104166 224#ff7fff7fff7fff7f
1730104166 8#3000000
1730104166 25#0
1730104166 4#e000
1730104166 201#900000
1730104166 202#900000
1730104166 224#ff7fff7fff7fff7f
1730104166 109#3c00
1730104166 25#0
1730104166 8#3000000
1730104166 224#ff7fff7fff7fff7f
1730104166 201#900000
1730104166 202#900000
1730104166 4#e000
1730104166 430#7c076d070000
1730104166 25#0
1730104166 8#3000000
1730104166 32a#ff7f
1730104166 30a#ff7f
1730104166 4#e000
1730104166 201#900000
1730104166 202#900000
1730104166 224#ff7fff7fff7fff7f
1730104166 25#0
1730104166 227#7e647676767575
1730104166 207#649f659f689f12
1730104166 305#79f26000759f6a9d
1730104166 325#300c0000000000
1730104167 8#3000000
1730104167 181#40004281020b
1730104167 182#40004280020b
1730104167 4#e000
1730104167 201#900000
1730104167 202#900000
1730104167 224#ff7fff7fff7fff7f
1730104167 25#0
1730104167 8#3000000
1730104167 4#e000
1730104167 201#900000
1730104167 202#900000
1730104167 224#ff7fff7fff7fff7f
1730104167 25#0
1730104167 8#3000000
1730104167 4#e000
1730104167 46#80
1730104167 204#20
1730104167 201#900000
1730104167 202#900000
1730104167 224#ff7fff7fff7fff7f
1730104167 25#40
1730104167 25#40
1730104167 25#40
1730104167 8#3000000
1730104167 4#e000
1730104167 201#900000
1730104167 202#900000
1730104167 224#ff7fff7fff7fff7f
1730104167 25#40
1730104167 5#40000
1730104167 8#3000000
1730104167 4#e000
1730104167 201#900000
1730104167 202#900000
1730104167 a0#66ff
