1729867544 a0#ff01
1729867544 128#c0
1729867544 308#fff906000000
1729867544 328#97b6000030
1729867544 181#492b2a04
1729867544 182#49352a04
1729867544 4#e000
1729867544 201#900000
1729867544 202#900000
1729867544 224#ff7fff7fff7fff7f
1729867545 368#ffa09ba197a1
1729867545 388#30e40100
1729867545 3a8#c96d2b6dbd650268
1729867545 8#3000000
1729867545 181#4ad72a05
1729867545 182#4ae02c05
1729867545 25#0
1729867545 182#27000006
1729867545 181#26000006
1729867545 181#27000007
1729867545 182#26000007
1729867545 4#e000
1729867545 201#900000
1729867545 202#900000
1729867545 224#ff7fff7fff7fff7f
1729867545 8#3000000
1729867545 25#0
1729867545 4#e000
1729867545 201#900000
1729867545 202#900000
1729867545 224#ff7fff7fff7fff7f
1729867545 109#3c00
1729867545 25#0
1729867545 8#3000000
1729867545 224#ff7fff7fff7fff7f
1729867545 201#900000
1729867545 202#900000
1729867545 4#e000
1729867545 430#7c076d070000
1729867545 25#0
1729867545 8#3000000
1729867545 32a#ff7f
1729867545 30a#ff7f
1729867546 4#e000
1729867546 201#900000
1729867546 202#900000
1729867546 224#ff7fff7fff7fff7f
1729867546 25#0
1729867546 227#7e647676767575
1729867546 207#649f659f689f12
1729867546 305#79f26000759f6a9d
1729867546 325#300c0000000000
1729867546 8#3000000
1729867546 181#40004281020b
1729867546 182#40004280020b
1729867546 4#e000
1729867546 201#900000
1729867546 202#900000
1729867546 224#ff7fff7fff7fff7f
1729867546 25#0
1729867546 8#3000000
1729867546 4#e000
1729867546 201#900000
1729867546 202#900000
1729867546 224#ff7fff7fff7fff7f
1729867546 25#0
1729867546 8#3000000
1729867546 4#e000
1729867546 46#80
1729867546 204#20
1729867546 201#900000
1729867546 202#900000
1729867546 224#ff7fff7fff7fff7f
1729867546 25#40
1729867546 25#40
1729867546 25#40
1729867546 8#3000000
1729867547 4#e000
1729867547 201#900000
1729867547 202#900000
1729867547 224#ff7fff7fff7fff7f
1729867547 25#40
1729867547 5#40000
1729867547 8#3000000
1729867547 4#e000
1729867547 201#900000
1729867547 202#900000
1729867547 224#ff7fff7fff7fff7f
1729867547 182#d80004000001
1729867547 181#d80004000001
1729867547 181#8f2000040002
1729867547 182#8f2000040002
1729867547 25#40
1729867547 5#40000
1729867547 227#81767575757575
1729867547 207#649f699f6b9f15
1729867547 305#79f26000739f6a9d
1729867547 325#350c0000000000
1729867547 181#a8000003
1729867547 182#a8000003
1729867547 345#747700
1729867547 128#c0
1729867547 308#fffd06000000
1729867547 328#adb6000030
1729867547 181#492b2a04
1729867547 182#49342a04
1729867547 4#e000
1729867547 201#900000
1729867547 202#900000
1729867547 224#ff7fff7fff7fff7f
1729867547 181#4ad72a05
1729867547 182#4add2c05
1729867547 25#40
1729867547 5#40000
1729867547 368#e2a080a17ea1
1729867547 388#e0e30100
1729867547 3a8#fe6df66c81643768
1729867547 3c8#cc8cff7f
1729867547 461#100000001
1729867547 182#27000006
1729867547 348#da4f
1729867548 108#1000100010001
1729867548 181#26000006
1729867548 181#27000007
1729867548 182#26000007
1729867548 8#3000000
1729867548 25#40
1729867548 4#e000
1729867548 201#900000
1729867548 202#900000
1729867548 224#ff7fff7fff7fff7f
1729867548 25#40
1729867548 8#3000000
1729867548 109#3c00
1729867548 4#e000
1729867548 201#900000
1729867548 202#900000
1729867548 224#ff7fff7fff7fff7f
1729867548 25#40
1729867548 8#3000000
1729867548 4#e000
1729867548 201#900000
1729867548 202#900000
1729867548 224#ff7fff7fff7fff7f
1729867548 25#40
1729867548 8#3000000
1729867548 4#e000
1729867548 201#900000
1729867548 202#900000
1729867548 224#ff7fff7fff7fff7f
1729867548 25#40
1729867548 227#84757575747574
1729867548 207#669f689f6b9f18
1729867548 305#59f2c715739f6a9d
1729867548 325#720c0500000000
1729867548 181#40004281020b
1729867548 182#40004280020b
1729867548 8#3000000
1729867548 4#e000
1729867548 201#900000
1729867548 202#900000
1729867548 224#ff7fff7fff7fff7f
1729867548 25#40
1729867548 4#e000
1729867549 201#900000
1729867549 202#900000
1729867549 224#ff7fff7fff7fff7f
1729867549 8#3000000
1729867549 25#40
1729867549 4#e000
1729867549 46#80
1729867549 204#20
1729867549 201#900000
1729867549 202#900000
1729867549 224#ff7fff7fff7fff7f
1729867549 8#3000000
1729867549 25#40
1729867549 4#e000
1729867549 201#900000
1729867549 202#900000
1729867549 224#ff7fff7fff7fff7f
1729867549 8#3000000
1729867549 25#40
1729867549 182#d80004000001
1729867549 4#e000
1729867549 201#900000
1729867549 202#900000
1729867549 224#ff7fff7fff7fff7f
1729867549 181#d80004000001
1729867549 181#8f2000040002
1729867549 182#8f2000040002
1729867549 25#40
1729867549 227#87747574757575
1729867549 207#709f6e9f6c9f1b
1729867549 305#79f2181f729f679d
1729867549 325#630c0500000000
1729867549 181#a8000003
1729867549 182#a8000003
1729867550 345#747700
1729867550 128#c0
1729867550 308#1fe506000000
1729867550 328#97b6000030
1729867550 368#eca08ba184a1
1729867550 388#fbe30100
1729867550 3a8#946dc16cbd65de69
1729867550 181#492c2a04
1729867550 8#3000000
1729867550 182#49342a04
1729867550 4#e000
1729867550 201#900000
1729867550 202#900000
1729867550 224#ff7fff7fff7fff7f
1729867550 181#4ada2a05
1729867550 182#4ae72c05
1729867550 25#40
1729867550 182#27000006
1729867550 181#26000006
1729867550 181#27020007
1729867550 182#26000007
1729867550 8#3000000
1729867550 4#e000
1729867550 201#900000
1729867550 202#900000
1729867550 224#ff7fff7fff7fff7f
1729867550 25#40
1729867550 4#e000
1729867550 201#900000
1729867550 202#900000
1729867550 224#ff7fff7fff7fff7f
1729867550 8#3000000
1729867550 25#40
1729867550 4#e000
1729867550 201#900000
1729867550 202#900000
1729867550 224#ff7fff7fff7fff7f
1729867550 430#7d0730110000
1729867550 8#3000000
1729867551 25#40
1729867551 4#e000
1729867551 201#900000
1729867551 202#900000
1729867551 224#ff7fff7fff7fff7f
1729867551 8#3000000
1729867551 25#40
1729867551 227#8a757575747474
1729867551 207#639f679f6b9f1e
1729867551 305#79f2e827739f689d
1729867551 325#680c0800000000
1729867551 109#3c00
1729867551 181#40004281020b
1729867551 182#40004280020b
1729867551 4#e000
1729867551 201#900000
1729867551 202#900000
1729867551 224#ff7fff7fff7fff7f
1729867551 25#40
1729867551 8#3000000
1729867551 4#e000
1729867551 201#900000
1729867551 202#900000
1729867551 224#ff7fff7fff7fff7f
1729867551 25#40
1729867551 8#3000000
1729867551 4#e000
1729867551 46#80
1729867551 204#20
1729867551 201#900000
1729867551 202#900000
1729867551 224#ff7fff7fff7fff7f
1729867551 25#40
1729867551 8#3000000
1729867551 25#40
1729867552 8#3000000
1729867552 182#d80004000001
1729867552 181#d80004000001
1729867552 181#8f2000040002
1729867552 182#8f2000040002
1729867552 25#40
1729867552 227#8d747474747474
1729867552 207#639f699f6f9f21
1729867552 305#79f25830739f689d
1729867552 325#6d0c0b00000000
1729867552 181#a8000003
1729867552 182#a8000003
1729867552 345#747700
1729867552 128#c0
1729867552 308#1fe506000000
1729867552 247#0
1729867552 7#0
1729867552 307#0
1729867552 328#c5b6000030
1729867552 441#100000001
1729867552 181#492a2a04
1729867552 182#49342a04
1729867552 181#4ad32a05
1729867552 368#fca097a192a1
1729867552 388#25e40100
1729867552 3a8#606d576c64679967
1729867552 182#4ae72c05
1729867552 8#3000000
1729867552 25#40
1729867552 182#27000006
1729867552 181#26000006
1729867552 181#27000007
1729867552 182#26000007
1729867552 8#3000000
1729867552 25#40
1729867552 25#40
1729867552 8#3000000
1729867552 109#3c00
1729867553 25#40
1729867553 8#3000000
1729867553 25#40
1729867553 227#90747474747473
1729867553 207#f39ee99ee89e24
1729867553 305#79f26638739f689d
1729867553 325#680c0b00000000
1729867553 8#3000000
1729867553 4#e000
1729867553 201#900000
1729867553 202#900000
1729867553 224#ff7fff7fff7fff7f
1729867553 181#40004281020b
1729867553 182#40004280020b
1729867553 25#40
1729867553 202#900000
1729867553 8#3000000
1729867553 4#e000
1729867553 201#900000
1729867553 224#ff7fff7fff7fff7f
1729867553 25#40
1729867553 4#e000
1729867553 201#900000
1729867553 202#900000
1729867553 224#ff7fff7fff7fff7f
1729867553 8#3000000
1729867553 204#20
1729867553 46#80
1729867553 25#40
1729867553 4#e000
1729867553 201#900000
1729867553 202#900000
1729867553 224#ff7fff7fff7fff7f
1729867553 8#3000000
1729867554 25#40
1729867554 4#e000
1729867554 201#900000
1729867554 202#900000
1729867554 224#ff7fff7fff7fff7f
1729867554 182#d80004000001
1729867554 a0#66ff
